<?xml version="1.0" encoding="UTF-8"?>
<!-- Generated by org.testng.reporters.JUnitXMLReporter -->
<testsuite ignored="0" hostname="DESKTOP-RB30UFV" failures="0" tests="3" name="Default test" time="1.496" errors="0" timestamp="30 May 2022 12:37:05 GMT">
  <testcase classname="com.jenkinspractice.Test.TestngPractice01Test" name="practice01Test" time="0.47"/>
  <testcase classname="com.jenkinspractice.Test.TestngPractice01Test" name="practice02Test" time="0.015"/>
  <testcase classname="com.jenkinspractice.Test.TestngPractice01Test" name="practiceTest" time="0.015"/>
</testsuite> <!-- Default test -->
