<?xml version="1.0" encoding="UTF-8"?>
<testng-results ignored="0" total="3" passed="3" failed="0" skipped="0">
  <reporter-output>
  </reporter-output>
  <suite started-at="2022-05-30T12:37:04Z" name="Default suite" finished-at="2022-05-30T12:37:05Z" duration-ms="1496">
    <groups>
    </groups>
    <test started-at="2022-05-30T12:37:04Z" name="Default test" finished-at="2022-05-30T12:37:05Z" duration-ms="1496">
      <class name="com.jenkinspractice.Test.TestngPractice01Test">
        <test-method signature="practice01Test()[pri:0, instance:com.jenkinspractice.Test.TestngPractice01Test@5cb042da]" started-at="2022-05-30T12:37:04Z" name="practice01Test" finished-at="2022-05-30T12:37:04Z" duration-ms="470" status="PASS">
          <reporter-output>
          </reporter-output>
        </test-method> <!-- practice01Test -->
        <test-method signature="practice02Test()[pri:0, instance:com.jenkinspractice.Test.TestngPractice01Test@5cb042da]" started-at="2022-05-30T12:37:05Z" name="practice02Test" finished-at="2022-05-30T12:37:05Z" duration-ms="15" status="PASS">
          <reporter-output>
          </reporter-output>
        </test-method> <!-- practice02Test -->
        <test-method signature="practiceTest()[pri:0, instance:com.jenkinspractice.Test.TestngPractice01Test@5cb042da]" started-at="2022-05-30T12:37:05Z" name="practiceTest" finished-at="2022-05-30T12:37:05Z" duration-ms="15" status="PASS">
          <reporter-output>
          </reporter-output>
        </test-method> <!-- practiceTest -->
      </class> <!-- com.jenkinspractice.Test.TestngPractice01Test -->
    </test> <!-- Default test -->
  </suite> <!-- Default suite -->
</testng-results>
